Log file open, 11/04/19 23:00:34
LogWindows: Failed to load 'aqProf.dll' (GetLastError=126)
LogWindows: File 'aqProf.dll' does not exist
LogWindows: Failed to load 'VtuneApi.dll' (GetLastError=126)
LogWindows: File 'VtuneApi.dll' does not exist
LogWindows: Failed to load 'VtuneApi32e.dll' (GetLastError=126)
LogWindows: File 'VtuneApi32e.dll' does not exist
LogConsoleResponse: Display: Failed to find resolution value strings in scalability ini. Falling back to default.
LogPakFile: Registered encryption key '00000000000000000000000000000000': 0 pak files mounted, 0 remain pending
LogPlatformFile: Not using cached read wrapper
LogTaskGraph: Started task graph with 5 named threads and 14 total threads with 3 sets of task threads.
LogStats: Stats thread started at 0.308809
LogD3D11RHI: Loaded GFSDK_Aftermath_Lib.x64.dll
LogICUInternationalization: ICU TimeZone Detection - Raw Offset: +2:00, Platform Override: ''
LogPluginManager: Mounting plugin Paper2D
LogPluginManager: Mounting plugin AISupport
LogPluginManager: Mounting plugin LightPropagationVolume
LogPluginManager: Mounting plugin AnimationSharing
LogPluginManager: Mounting plugin AssetManagerEditor
LogPluginManager: Mounting plugin CryptoKeys
LogPluginManager: Mounting plugin FacialAnimation
LogPluginManager: Mounting plugin DatasmithContent
LogPluginManager: Mounting plugin VariantManagerContent
LogPluginManager: Mounting plugin AlembicImporter
LogPluginManager: Mounting plugin AppleImageUtils
LogPluginManager: Mounting plugin AppleVision
LogPluginManager: Mounting plugin BackChannel
LogPluginManager: Mounting plugin CharacterAI
LogPluginManager: Mounting plugin GeometryCache
LogPluginManager: Mounting plugin HTML5Networking
LogPluginManager: Mounting plugin AvfMedia
LogPluginManager: Mounting plugin ImgMedia
LogPluginManager: Mounting plugin LinearTimecode
LogPluginManager: Mounting plugin MediaCompositing
LogPluginManager: Mounting plugin WebMMedia
LogPluginManager: Mounting plugin WmfMedia
LogPluginManager: Mounting plugin TcpMessaging
LogPluginManager: Mounting plugin UdpMessaging
LogPluginManager: Mounting plugin ActorSequence
LogPluginManager: Mounting plugin NetcodeUnitTest
LogPluginManager: Mounting plugin OnlineSubsystem
LogPluginManager: Mounting plugin OnlineSubsystemNull
LogPluginManager: Mounting plugin OnlineSubsystemUtils
LogPluginManager: Mounting plugin LauncherChunkInstaller
LogPluginManager: Mounting plugin AndroidPermission
LogPluginManager: Mounting plugin ArchVisCharacter
LogPluginManager: Mounting plugin AudioCapture
LogPluginManager: Mounting plugin CableComponent
LogPluginManager: Mounting plugin CustomMeshComponent
LogPluginManager: Mounting plugin EditableMesh
LogPluginManager: Mounting plugin ExampleDeviceProfileSelector
LogPluginManager: Mounting plugin LocationServicesBPLibrary
LogPluginManager: Mounting plugin MobilePatchingUtils
LogPluginManager: Mounting plugin OculusVR
LogPluginManager: Mounting plugin PhysXVehicles
LogPluginManager: Mounting plugin ProceduralMeshComponent
LogPluginManager: Mounting plugin RuntimePhysXCooking
LogPluginManager: Mounting plugin SignificanceManager
LogPluginManager: Mounting plugin SteamVR
LogPluginManager: Mounting plugin WebMMoviePlayer
LogPluginManager: Mounting plugin WindowsMoviePlayer
LogInit: Using libcurl 7.55.1-DEV
LogInit:  - built for x86_64-pc-win32
LogInit:  - supports SSL with OpenSSL/1.1.1
LogInit:  - supports HTTP deflate (compression) using libz 1.2.8
LogInit:  - other features:
LogInit:      CURL_VERSION_SSL
LogInit:      CURL_VERSION_LIBZ
LogInit:      CURL_VERSION_IPV6
LogInit:      CURL_VERSION_ASYNCHDNS
LogInit:      CURL_VERSION_LARGEFILE
LogInit:      CURL_VERSION_IDN
LogInit:  CurlRequestOptions (configurable via config and command line):
LogInit:  - bVerifyPeer = true  - Libcurl will verify peer certificate
LogInit:  - bUseHttpProxy = false  - Libcurl will NOT use HTTP proxy
LogInit:  - bDontReuseConnections = false  - Libcurl will reuse connections
LogInit:  - MaxHostConnections = 16  - Libcurl will limit the number of connections to a host
LogInit:  - LocalHostAddr = Default
LogInit:  - BufferSize = 65536
LogInit: WinSock: version 1.1 (2.2), MaxSocks=32767, MaxUdp=65467
LogInit: Build: ++UE4+Release-4.22-CL-7053642
LogInit: Engine Version: 4.22.3-7053642+++UE4+Release-4.22
LogInit: Compatible Engine Version: 4.22.0-5660361+++UE4+Release-4.22
LogInit: Net CL: 5660361
LogInit: OS: Windows 10 (Release 1709) (), CPU: Intel(R) Core(TM) i5-6500 CPU @ 3.20GHz, GPU: AMD Radeon R9 200 Series
LogInit: Compiled (64-bit): Jun 18 2019 03:16:33
LogInit: Compiled with Visual C++: 19.16.27025.01
LogInit: Build Configuration: Development
LogInit: Branch Name: ++UE4+Release-4.22
LogInit: Command Line: 
LogInit: Base Directory: D:/UE4 Projects/Lag Tester Shipment/WindowsNoEditor/MyProject/Binaries/Win64/
LogInit: Installed Engine Build: 0
LogDevObjectVersion: Number of dev versions registered: 23
LogDevObjectVersion:   Dev-Blueprints (B0D832E4-1F89-4F0D-ACCF-7EB736FD4AA2): 10
LogDevObjectVersion:   Dev-Build (E1C64328-A22C-4D53-A36C-8E866417BD8C): 0
LogDevObjectVersion:   Dev-Core (375EC13C-06E4-48FB-B500-84F0262A717E): 3
LogDevObjectVersion:   Dev-Editor (E4B068ED-F494-42E9-A231-DA0B2E46BB41): 30
LogDevObjectVersion:   Dev-Framework (CFFC743F-43B0-4480-9391-14DF171D2073): 35
LogDevObjectVersion:   Dev-Mobile (B02B49B5-BB20-44E9-A304-32B752E40360): 2
LogDevObjectVersion:   Dev-Networking (A4E4105C-59A1-49B5-A7C5-40C4547EDFEE): 0
LogDevObjectVersion:   Dev-Online (39C831C9-5AE6-47DC-9A44-9C173E1C8E7C): 0
LogDevObjectVersion:   Dev-Physics (78F01B33-EBEA-4F98-B9B4-84EACCB95AA2): 0
LogDevObjectVersion:   Dev-Platform (6631380F-2D4D-43E0-8009-CF276956A95A): 0
LogDevObjectVersion:   Dev-Rendering (12F88B9F-8875-4AFC-A67C-D90C383ABD29): 28
LogDevObjectVersion:   Dev-Sequencer (7B5AE74C-D270-4C10-A958-57980B212A5A): 11
LogDevObjectVersion:   Dev-VR (D7296918-1DD6-4BDD-9DE2-64A83CC13884): 2
LogDevObjectVersion:   Dev-LoadTimes (C2A15278-BFE7-4AFE-6C17-90FF531DF755): 1
LogDevObjectVersion:   Private-Geometry (6EACA3D4-40EC-4CC1-B786-8BED09428FC5): 3
LogDevObjectVersion:   Dev-AnimPhys (29E575DD-E0A3-4627-9D10-D276232CDCEA): 17
LogDevObjectVersion:   Dev-Anim (AF43A65D-7FD3-4947-9873-3E8ED9C1BB05): 2
LogDevObjectVersion:   Dev-ReflectionCapture (6B266CEC-1EC7-4B8F-A30B-E4D90942FC07): 1
LogDevObjectVersion:   Dev-Automation (0DF73D61-A23F-47EA-B727-89E90C41499A): 1
LogDevObjectVersion:   FortniteMain (601D1886-AC64-4F84-AA16-D3DE0DEAC7D6): 25
LogDevObjectVersion:   Dev-Enterprise (9DFFBCD6-494F-0158-E221-12823C92A888): 6
LogDevObjectVersion:   Dev-Niagara (F2AED0AC-9AFE-416F-8664-AA7FFA26D6FC): 1
LogDevObjectVersion:   Dev-Destruction (174F1F0B-B4C6-45A5-B13F-2EE8D0FB917D): 2
LogInit: Presizing for max 2097152 objects, including 1 objects not considered by GC, pre-allocating 0 bytes for permanent pool.
LogStreaming: Display: Async Loading initialized: Event Driven Loader: true, Async Loading Thread: false, Async Post Load: true
LogInit: Object subsystem initialized
LogConfig: Setting CVar [[con.DebugEarlyDefault:1]]
LogConfig: Setting CVar [[r.setres:1280x720]]
[2019.11.04-21.00.34:739][  0]LogConfig: Setting CVar [[con.DebugEarlyDefault:1]]
[2019.11.04-21.00.34:739][  0]LogConfig: Setting CVar [[r.setres:1280x720]]
[2019.11.04-21.00.34:739][  0]LogConfig: Applying CVar settings from Section [/Script/Engine.RendererSettings] File [../../../MyProject/Saved/Config/WindowsNoEditor/Engine.ini]
[2019.11.04-21.00.34:739][  0]LogConfig: Setting CVar [[r.ShadowQuality:0]]
[2019.11.04-21.00.34:739][  0]LogConfig: Setting CVar [[r.VSync:0]]
[2019.11.04-21.00.34:739][  0]LogConfig: Setting CVar [[t.MaxFPS:100]]
[2019.11.04-21.00.34:739][  0]LogConfig: Setting CVar [[r.GPUCrashDebugging:0]]
[2019.11.04-21.00.34:739][  0]LogConfig: Applying CVar settings from Section [/Script/Engine.RendererOverrideSettings] File [../../../MyProject/Saved/Config/WindowsNoEditor/Engine.ini]
[2019.11.04-21.00.34:739][  0]LogConfig: Applying CVar settings from Section [/Script/Engine.StreamingSettings] File [../../../MyProject/Saved/Config/WindowsNoEditor/Engine.ini]
[2019.11.04-21.00.34:739][  0]LogConfig: Setting CVar [[s.MinBulkDataSizeForAsyncLoading:131072]]
[2019.11.04-21.00.34:739][  0]LogConfig: Setting CVar [[s.AsyncLoadingThreadEnabled:0]]
[2019.11.04-21.00.34:739][  0]LogConfig: Setting CVar [[s.EventDrivenLoaderEnabled:1]]
[2019.11.04-21.00.34:739][  0]LogConfig: Setting CVar [[s.WarnIfTimeLimitExceeded:0]]
[2019.11.04-21.00.34:739][  0]LogConfig: Setting CVar [[s.TimeLimitExceededMultiplier:1.5]]
[2019.11.04-21.00.34:739][  0]LogConfig: Setting CVar [[s.TimeLimitExceededMinTime:0.005]]
[2019.11.04-21.00.34:739][  0]LogConfig: Setting CVar [[s.UseBackgroundLevelStreaming:1]]
[2019.11.04-21.00.34:739][  0]LogConfig: Setting CVar [[s.PriorityAsyncLoadingExtraTime:15.0]]
[2019.11.04-21.00.34:739][  0]LogConfig: Setting CVar [[s.LevelStreamingActorsUpdateTimeLimit:5.0]]
[2019.11.04-21.00.34:739][  0]LogConfig: Setting CVar [[s.PriorityLevelStreamingActorsUpdateExtraTime:5.0]]
[2019.11.04-21.00.34:739][  0]LogConfig: Setting CVar [[s.LevelStreamingComponentsRegistrationGranularity:10]]
[2019.11.04-21.00.34:739][  0]LogConfig: Setting CVar [[s.UnregisterComponentsTimeLimit:1.0]]
[2019.11.04-21.00.34:739][  0]LogConfig: Setting CVar [[s.LevelStreamingComponentsUnregistrationGranularity:5]]
[2019.11.04-21.00.34:739][  0]LogConfig: Applying CVar settings from Section [/Script/Engine.GarbageCollectionSettings] File [../../../MyProject/Saved/Config/WindowsNoEditor/Engine.ini]
[2019.11.04-21.00.34:739][  0]LogConfig: Setting CVar [[gc.MaxObjectsNotConsideredByGC:1]]
[2019.11.04-21.00.34:739][  0]LogConfig: Setting CVar [[gc.SizeOfPermanentObjectPool:0]]
[2019.11.04-21.00.34:739][  0]LogConfig: Setting CVar [[gc.FlushStreamingOnGC:0]]
[2019.11.04-21.00.34:739][  0]LogConfig: Setting CVar [[gc.NumRetriesBeforeForcingGC:10]]
[2019.11.04-21.00.34:739][  0]LogConfig: Setting CVar [[gc.AllowParallelGC:1]]
[2019.11.04-21.00.34:739][  0]LogConfig: Setting CVar [[gc.TimeBetweenPurgingPendingKillObjects:61.1]]
[2019.11.04-21.00.34:739][  0]LogConfig: Setting CVar [[gc.MaxObjectsInEditor:16777216]]
[2019.11.04-21.00.34:739][  0]LogConfig: Setting CVar [[gc.IncrementalBeginDestroyEnabled:1]]
[2019.11.04-21.00.34:739][  0]LogConfig: Setting CVar [[gc.CreateGCClusters:1]]
[2019.11.04-21.00.34:739][  0]LogConfig: Setting CVar [[gc.MinGCClusterSize:5]]
[2019.11.04-21.00.34:739][  0]LogConfig: Setting CVar [[gc.ActorClusteringEnabled:0]]
[2019.11.04-21.00.34:739][  0]LogConfig: Setting CVar [[gc.BlueprintClusteringEnabled:0]]
[2019.11.04-21.00.34:739][  0]LogConfig: Setting CVar [[gc.UseDisregardForGCOnDedicatedServers:0]]
[2019.11.04-21.00.34:739][  0]LogConfig: Applying CVar settings from Section [/Script/Engine.NetworkSettings] File [../../../MyProject/Saved/Config/WindowsNoEditor/Engine.ini]
[2019.11.04-21.00.34:743][  0]LogConfig: Applying CVar settings from Section [ViewDistanceQuality@3] File [../../../MyProject/Saved/Config/WindowsNoEditor/Scalability.ini]
[2019.11.04-21.00.34:743][  0]LogConfig: Setting CVar [[r.SkeletalMeshLODBias:0]]
[2019.11.04-21.00.34:743][  0]LogConfig: Setting CVar [[r.ViewDistanceScale:1.0]]
[2019.11.04-21.00.34:743][  0]LogConfig: Applying CVar settings from Section [AntiAliasingQuality@3] File [../../../MyProject/Saved/Config/WindowsNoEditor/Scalability.ini]
[2019.11.04-21.00.34:743][  0]LogConfig: Setting CVar [[r.PostProcessAAQuality:4]]
[2019.11.04-21.00.34:743][  0]LogConfig: Applying CVar settings from Section [ShadowQuality@3] File [../../../MyProject/Saved/Config/WindowsNoEditor/Scalability.ini]
[2019.11.04-21.00.34:743][  0]LogConfig: Setting CVar [[r.LightFunctionQuality:1]]
[2019.11.04-21.00.34:743][  0]LogConfig: Setting CVar [[r.ShadowQuality:5]]
[2019.11.04-21.00.34:743][  0]LogConsoleManager: Warning: Setting the console variable 'r.ShadowQuality' with 'SetByScalability' was ignored as it is lower priority than the previous 'SetByProjectSetting'. Value remains '0'
[2019.11.04-21.00.34:743][  0]LogConfig: Setting CVar [[r.Shadow.CSM.MaxCascades:10]]
[2019.11.04-21.00.34:743][  0]LogConfig: Setting CVar [[r.Shadow.MaxResolution:2048]]
[2019.11.04-21.00.34:743][  0]LogConfig: Setting CVar [[r.Shadow.MaxCSMResolution:2048]]
[2019.11.04-21.00.34:743][  0]LogConfig: Setting CVar [[r.Shadow.RadiusThreshold:0.01]]
[2019.11.04-21.00.34:743][  0]LogConfig: Setting CVar [[r.Shadow.DistanceScale:1.0]]
[2019.11.04-21.00.34:743][  0]LogConfig: Setting CVar [[r.Shadow.CSM.TransitionScale:1.0]]
[2019.11.04-21.00.34:743][  0]LogConfig: Setting CVar [[r.Shadow.PreShadowResolutionFactor:1.0]]
[2019.11.04-21.00.34:743][  0]LogConfig: Setting CVar [[r.DistanceFieldShadowing:1]]
[2019.11.04-21.00.34:743][  0]LogConfig: Setting CVar [[r.DistanceFieldAO:1]]
[2019.11.04-21.00.34:743][  0]LogConfig: Setting CVar [[r.AOQuality:2]]
[2019.11.04-21.00.34:743][  0]LogConfig: Setting CVar [[r.VolumetricFog:1]]
[2019.11.04-21.00.34:743][  0]LogConfig: Setting CVar [[r.VolumetricFog.GridPixelSize:8]]
[2019.11.04-21.00.34:743][  0]LogConfig: Setting CVar [[r.VolumetricFog.GridSizeZ:128]]
[2019.11.04-21.00.34:743][  0]LogConfig: Setting CVar [[r.VolumetricFog.HistoryMissSupersampleCount:4]]
[2019.11.04-21.00.34:743][  0]LogConfig: Setting CVar [[r.LightMaxDrawDistanceScale:1]]
[2019.11.04-21.00.34:743][  0]LogConfig: Setting CVar [[r.CapsuleShadows:1]]
[2019.11.04-21.00.34:743][  0]LogConfig: Applying CVar settings from Section [PostProcessQuality@3] File [../../../MyProject/Saved/Config/WindowsNoEditor/Scalability.ini]
[2019.11.04-21.00.34:743][  0]LogConfig: Setting CVar [[r.MotionBlurQuality:4]]
[2019.11.04-21.00.34:743][  0]LogConfig: Setting CVar [[r.AmbientOcclusionMipLevelFactor:0.4]]
[2019.11.04-21.00.34:743][  0]LogConfig: Setting CVar [[r.AmbientOcclusionMaxQuality:100]]
[2019.11.04-21.00.34:743][  0]LogConfig: Setting CVar [[r.AmbientOcclusionLevels:-1]]
[2019.11.04-21.00.34:743][  0]LogConfig: Setting CVar [[r.AmbientOcclusionRadiusScale:1.0]]
[2019.11.04-21.00.34:743][  0]LogConfig: Setting CVar [[r.DepthOfFieldQuality:2]]
[2019.11.04-21.00.34:743][  0]LogConfig: Setting CVar [[r.RenderTargetPoolMin:400]]
[2019.11.04-21.00.34:743][  0]LogConfig: Setting CVar [[r.LensFlareQuality:2]]
[2019.11.04-21.00.34:743][  0]LogConfig: Setting CVar [[r.SceneColorFringeQuality:1]]
[2019.11.04-21.00.34:743][  0]LogConfig: Setting CVar [[r.EyeAdaptationQuality:2]]
[2019.11.04-21.00.34:743][  0]LogConfig: Setting CVar [[r.BloomQuality:5]]
[2019.11.04-21.00.34:743][  0]LogConfig: Setting CVar [[r.FastBlurThreshold:100]]
[2019.11.04-21.00.34:743][  0]LogConfig: Setting CVar [[r.Upscale.Quality:3]]
[2019.11.04-21.00.34:743][  0]LogConfig: Setting CVar [[r.Tonemapper.GrainQuantization:1]]
[2019.11.04-21.00.34:743][  0]LogConfig: Setting CVar [[r.LightShaftQuality:1]]
[2019.11.04-21.00.34:743][  0]LogConfig: Setting CVar [[r.Filter.SizeScale:1]]
[2019.11.04-21.00.34:743][  0]LogConfig: Setting CVar [[r.Tonemapper.Quality:5]]
[2019.11.04-21.00.34:743][  0]LogConfig: Setting CVar [[r.DOF.Gather.AccumulatorQuality:1        ; higher gathering accumulator quality]]
[2019.11.04-21.00.34:743][  0]LogConfig: Setting CVar [[r.DOF.Gather.PostfilterMethod:1          ; Median3x3 postfilering method]]
[2019.11.04-21.00.34:743][  0]LogConfig: Setting CVar [[r.DOF.Gather.EnableBokehSettings:0       ; no bokeh simulation when gathering]]
[2019.11.04-21.00.34:743][  0]LogConfig: Setting CVar [[r.DOF.Gather.RingCount:4                 ; medium number of samples when gathering]]
[2019.11.04-21.00.34:743][  0]LogConfig: Setting CVar [[r.DOF.Scatter.ForegroundCompositing:1    ; additive foreground scattering]]
[2019.11.04-21.00.34:743][  0]LogConfig: Setting CVar [[r.DOF.Scatter.BackgroundCompositing:2    ; additive background scattering]]
[2019.11.04-21.00.34:743][  0]LogConfig: Setting CVar [[r.DOF.Scatter.EnableBokehSettings:1      ; bokeh simulation when scattering]]
[2019.11.04-21.00.34:743][  0]LogConfig: Setting CVar [[r.DOF.Scatter.MaxSpriteRatio:0.1         ; only a maximum of 10% of scattered bokeh]]
[2019.11.04-21.00.34:743][  0]LogConfig: Setting CVar [[r.DOF.Recombine.Quality:1                ; cheap slight out of focus]]
[2019.11.04-21.00.34:743][  0]LogConfig: Setting CVar [[r.DOF.Recombine.EnableBokehSettings:0    ; no bokeh simulation on slight out of focus]]
[2019.11.04-21.00.34:743][  0]LogConfig: Setting CVar [[r.DOF.TemporalAAQuality:1                ; more stable temporal accumulation]]
[2019.11.04-21.00.34:743][  0]LogConfig: Setting CVar [[r.DOF.Kernel.MaxForegroundRadius:0.025]]
[2019.11.04-21.00.34:743][  0]LogConfig: Setting CVar [[r.DOF.Kernel.MaxBackgroundRadius:0.025]]
[2019.11.04-21.00.34:743][  0]LogConfig: Applying CVar settings from Section [TextureQuality@3] File [../../../MyProject/Saved/Config/WindowsNoEditor/Scalability.ini]
[2019.11.04-21.00.34:743][  0]LogConfig: Setting CVar [[r.Streaming.MipBias:0]]
[2019.11.04-21.00.34:743][  0]LogConfig: Setting CVar [[r.Streaming.AmortizeCPUToGPUCopy:0]]
[2019.11.04-21.00.34:743][  0]LogConfig: Setting CVar [[r.Streaming.MaxNumTexturesToStreamPerFrame:0]]
[2019.11.04-21.00.34:743][  0]LogConfig: Setting CVar [[r.Streaming.Boost:1]]
[2019.11.04-21.00.34:743][  0]LogConfig: Setting CVar [[r.MaxAnisotropy:8]]
[2019.11.04-21.00.34:743][  0]LogConfig: Setting CVar [[r.Streaming.LimitPoolSizeToVRAM:0]]
[2019.11.04-21.00.34:743][  0]LogConfig: Setting CVar [[r.Streaming.PoolSize:1000]]
[2019.11.04-21.00.34:743][  0]LogConfig: Setting CVar [[r.Streaming.MaxEffectiveScreenSize:0]]
[2019.11.04-21.00.34:743][  0]LogConfig: Applying CVar settings from Section [EffectsQuality@3] File [../../../MyProject/Saved/Config/WindowsNoEditor/Scalability.ini]
[2019.11.04-21.00.34:743][  0]LogConfig: Setting CVar [[r.TranslucencyLightingVolumeDim:64]]
[2019.11.04-21.00.34:743][  0]LogConfig: Setting CVar [[r.RefractionQuality:2]]
[2019.11.04-21.00.34:743][  0]LogConfig: Setting CVar [[r.SSR.Quality:3]]
[2019.11.04-21.00.34:743][  0]LogConfig: Setting CVar [[r.SceneColorFormat:4]]
[2019.11.04-21.00.34:743][  0]LogConfig: Setting CVar [[r.DetailMode:2]]
[2019.11.04-21.00.34:743][  0]LogConfig: Setting CVar [[r.TranslucencyVolumeBlur:1]]
[2019.11.04-21.00.34:743][  0]LogConfig: Setting CVar [[r.MaterialQualityLevel:1 ; High quality]]
[2019.11.04-21.00.34:743][  0]LogConfig: Setting CVar [[r.SSS.Scale:1]]
[2019.11.04-21.00.34:743][  0]LogConfig: Setting CVar [[r.SSS.SampleSet:2]]
[2019.11.04-21.00.34:743][  0]LogConfig: Setting CVar [[r.SSS.Quality:1]]
[2019.11.04-21.00.34:743][  0]LogConfig: Setting CVar [[r.SSS.HalfRes:1]]
[2019.11.04-21.00.34:743][  0]LogConfig: Setting CVar [[r.EmitterSpawnRateScale:1.0]]
[2019.11.04-21.00.34:743][  0]LogConfig: Setting CVar [[r.ParticleLightQuality:2]]
[2019.11.04-21.00.34:743][  0]LogConfig: Applying CVar settings from Section [FoliageQuality@3] File [../../../MyProject/Saved/Config/WindowsNoEditor/Scalability.ini]
[2019.11.04-21.00.34:743][  0]LogConfig: Setting CVar [[foliage.DensityScale:1.0]]
[2019.11.04-21.00.34:743][  0]LogConfig: Setting CVar [[grass.DensityScale:1.0]]
[2019.11.04-21.00.34:744][  0]LogInit: Selected Device Profile: [WindowsNoEditor]
[2019.11.04-21.00.34:744][  0]LogInit: Applying CVar settings loaded from the selected device profile: [WindowsNoEditor]
[2019.11.04-21.00.34:749][  0]LogHAL: Display: Platform has ~ 16 GB [17118937088 / 17179869184 / 16], which maps to Larger [LargestMinGB=32, LargerMinGB=12, DefaultMinGB=8, SmallerMinGB=6, SmallestMinGB=0)
[2019.11.04-21.00.34:749][  0]LogInit: Going up to parent DeviceProfile [Windows]
[2019.11.04-21.00.34:749][  0]LogConfig: Setting CVar [[r.Vulkan.UseRealUBs:0		; Required until we fix HLR fall-out]]
[2019.11.04-21.00.34:749][  0]LogInit: Going up to parent DeviceProfile []
[2019.11.04-21.00.34:749][  0]LogConfig: Applying CVar settings from Section [ViewDistanceQuality@0] File [../../../MyProject/Saved/Config/WindowsNoEditor/Scalability.ini]
[2019.11.04-21.00.34:749][  0]LogConfig: Setting CVar [[r.SkeletalMeshLODBias:2]]
[2019.11.04-21.00.34:749][  0]LogConfig: Setting CVar [[r.ViewDistanceScale:0.4]]
[2019.11.04-21.00.34:749][  0]LogConfig: Applying CVar settings from Section [AntiAliasingQuality@0] File [../../../MyProject/Saved/Config/WindowsNoEditor/Scalability.ini]
[2019.11.04-21.00.34:749][  0]LogConfig: Setting CVar [[r.PostProcessAAQuality:0]]
[2019.11.04-21.00.34:749][  0]LogConfig: Applying CVar settings from Section [ShadowQuality@0] File [../../../MyProject/Saved/Config/WindowsNoEditor/Scalability.ini]
[2019.11.04-21.00.34:749][  0]LogConfig: Setting CVar [[r.LightFunctionQuality:0]]
[2019.11.04-21.00.34:749][  0]LogConfig: Setting CVar [[r.ShadowQuality:0]]
[2019.11.04-21.00.34:749][  0]LogConsoleManager: Warning: Setting the console variable 'r.ShadowQuality' with 'SetByScalability' was ignored as it is lower priority than the previous 'SetByProjectSetting'. Value remains '0'
[2019.11.04-21.00.34:749][  0]LogConfig: Setting CVar [[r.Shadow.CSM.MaxCascades:1]]
[2019.11.04-21.00.34:749][  0]LogConfig: Setting CVar [[r.Shadow.MaxResolution:512]]
[2019.11.04-21.00.34:749][  0]LogConfig: Setting CVar [[r.Shadow.MaxCSMResolution:512]]
[2019.11.04-21.00.34:749][  0]LogConfig: Setting CVar [[r.Shadow.RadiusThreshold:0.06]]
[2019.11.04-21.00.34:749][  0]LogConfig: Setting CVar [[r.Shadow.DistanceScale:0.6]]
[2019.11.04-21.00.34:749][  0]LogConfig: Setting CVar [[r.Shadow.CSM.TransitionScale:0]]
[2019.11.04-21.00.34:749][  0]LogConfig: Setting CVar [[r.Shadow.PreShadowResolutionFactor:0.5]]
[2019.11.04-21.00.34:749][  0]LogConfig: Setting CVar [[r.DistanceFieldShadowing:0]]
[2019.11.04-21.00.34:749][  0]LogConfig: Setting CVar [[r.DistanceFieldAO:0]]
[2019.11.04-21.00.34:749][  0]LogConfig: Setting CVar [[r.VolumetricFog:0]]
[2019.11.04-21.00.34:749][  0]LogConfig: Setting CVar [[r.LightMaxDrawDistanceScale:0]]
[2019.11.04-21.00.34:749][  0]LogConfig: Setting CVar [[r.CapsuleShadows:0]]
[2019.11.04-21.00.34:749][  0]LogConfig: Applying CVar settings from Section [PostProcessQuality@0] File [../../../MyProject/Saved/Config/WindowsNoEditor/Scalability.ini]
[2019.11.04-21.00.34:749][  0]LogConfig: Setting CVar [[r.MotionBlurQuality:0]]
[2019.11.04-21.00.34:749][  0]LogConfig: Setting CVar [[r.AmbientOcclusionMipLevelFactor:1.0]]
[2019.11.04-21.00.34:749][  0]LogConfig: Setting CVar [[r.AmbientOcclusionMaxQuality:0]]
[2019.11.04-21.00.34:749][  0]LogConfig: Setting CVar [[r.AmbientOcclusionLevels:0]]
[2019.11.04-21.00.34:749][  0]LogConfig: Setting CVar [[r.AmbientOcclusionRadiusScale:1.2]]
[2019.11.04-21.00.34:749][  0]LogConfig: Setting CVar [[r.DepthOfFieldQuality:0]]
[2019.11.04-21.00.34:749][  0]LogConfig: Setting CVar [[r.RenderTargetPoolMin:300]]
[2019.11.04-21.00.34:749][  0]LogConfig: Setting CVar [[r.LensFlareQuality:0]]
[2019.11.04-21.00.34:749][  0]LogConfig: Setting CVar [[r.SceneColorFringeQuality:0]]
[2019.11.04-21.00.34:749][  0]LogConfig: Setting CVar [[r.EyeAdaptationQuality:0]]
[2019.11.04-21.00.34:749][  0]LogConfig: Setting CVar [[r.BloomQuality:4]]
[2019.11.04-21.00.34:749][  0]LogConfig: Setting CVar [[r.FastBlurThreshold:0]]
[2019.11.04-21.00.34:749][  0]LogConfig: Setting CVar [[r.Upscale.Quality:1]]
[2019.11.04-21.00.34:749][  0]LogConfig: Setting CVar [[r.Tonemapper.GrainQuantization:0]]
[2019.11.04-21.00.34:749][  0]LogConfig: Setting CVar [[r.LightShaftQuality:0]]
[2019.11.04-21.00.34:749][  0]LogConfig: Setting CVar [[r.Filter.SizeScale:0.6]]
[2019.11.04-21.00.34:749][  0]LogConfig: Setting CVar [[r.Tonemapper.Quality:0]]
[2019.11.04-21.00.34:749][  0]LogConfig: Applying CVar settings from Section [TextureQuality@0] File [../../../MyProject/Saved/Config/WindowsNoEditor/Scalability.ini]
[2019.11.04-21.00.34:749][  0]LogConfig: Setting CVar [[r.Streaming.MipBias:16]]
[2019.11.04-21.00.34:749][  0]LogConfig: Setting CVar [[r.Streaming.AmortizeCPUToGPUCopy:1]]
[2019.11.04-21.00.34:749][  0]LogConfig: Setting CVar [[r.Streaming.MaxNumTexturesToStreamPerFrame:1]]
[2019.11.04-21.00.34:749][  0]LogConfig: Setting CVar [[r.Streaming.Boost:0.3]]
[2019.11.04-21.00.34:749][  0]LogConfig: Setting CVar [[r.MaxAnisotropy:0]]
[2019.11.04-21.00.34:749][  0]LogConfig: Setting CVar [[r.Streaming.LimitPoolSizeToVRAM:1]]
[2019.11.04-21.00.34:749][  0]LogConfig: Setting CVar [[r.Streaming.PoolSize:400]]
[2019.11.04-21.00.34:749][  0]LogConfig: Setting CVar [[r.Streaming.MaxEffectiveScreenSize:0]]
[2019.11.04-21.00.34:749][  0]LogConfig: Applying CVar settings from Section [EffectsQuality@0] File [../../../MyProject/Saved/Config/WindowsNoEditor/Scalability.ini]
[2019.11.04-21.00.34:749][  0]LogConfig: Setting CVar [[r.TranslucencyLightingVolumeDim:24]]
[2019.11.04-21.00.34:749][  0]LogConfig: Setting CVar [[r.RefractionQuality:0]]
[2019.11.04-21.00.34:749][  0]LogConfig: Setting CVar [[r.SSR.Quality:0]]
[2019.11.04-21.00.34:749][  0]LogConfig: Setting CVar [[r.SceneColorFormat:3]]
[2019.11.04-21.00.34:749][  0]LogConfig: Setting CVar [[r.DetailMode:0]]
[2019.11.04-21.00.34:749][  0]LogConfig: Setting CVar [[r.TranslucencyVolumeBlur:0]]
[2019.11.04-21.00.34:749][  0]LogConfig: Setting CVar [[r.MaterialQualityLevel:0 ; Low quality]]
[2019.11.04-21.00.34:749][  0]LogConfig: Setting CVar [[r.SSS.Scale:0]]
[2019.11.04-21.00.34:749][  0]LogConfig: Setting CVar [[r.SSS.SampleSet:0]]
[2019.11.04-21.00.34:749][  0]LogConfig: Setting CVar [[r.SSS.Quality:0]]
[2019.11.04-21.00.34:749][  0]LogConfig: Setting CVar [[r.SSS.HalfRes:1]]
[2019.11.04-21.00.34:749][  0]LogConfig: Setting CVar [[r.EmitterSpawnRateScale:0.125]]
[2019.11.04-21.00.34:749][  0]LogConfig: Setting CVar [[r.ParticleLightQuality:0]]
[2019.11.04-21.00.34:749][  0]LogConfig: Applying CVar settings from Section [FoliageQuality@0] File [../../../MyProject/Saved/Config/WindowsNoEditor/Scalability.ini]
[2019.11.04-21.00.34:749][  0]LogConfig: Setting CVar [[foliage.DensityScale:0]]
[2019.11.04-21.00.34:749][  0]LogConfig: Setting CVar [[grass.DensityScale:0]]
[2019.11.04-21.00.34:749][  0]LogConfig: Applying CVar settings from Section [Startup] File [../../../Engine/Config/ConsoleVariables.ini]
[2019.11.04-21.00.34:750][  0]LogConfig: Setting CVar [[net.UseAdaptiveNetUpdateFrequency:0]]
[2019.11.04-21.00.34:750][  0]LogConfig: Setting CVar [[p.chaos.AllowCreatePhysxBodies:1]]
[2019.11.04-21.00.34:750][  0]LogConfig: Applying CVar settings from Section [ConsoleVariables] File [../../../MyProject/Saved/Config/WindowsNoEditor/Engine.ini]
[2019.11.04-21.00.34:754][  0]LogInit: Computer: DESKTOP-J4AQ7N9
[2019.11.04-21.00.34:754][  0]LogInit: User: Kulagin
[2019.11.04-21.00.34:754][  0]LogInit: CPU Page size=4096, Cores=4
[2019.11.04-21.00.34:754][  0]LogInit: High frequency timer resolution =2.437501 MHz
[2019.11.04-21.00.34:754][  0]LogMemory: Memory total: Physical=15.9GB (16GB approx)
[2019.11.04-21.00.34:754][  0]LogMemory: Platform Memory Stats for WindowsNoEditor
[2019.11.04-21.00.34:754][  0]LogMemory: Process Physical Memory: 52.64 MB used, 52.64 MB peak
[2019.11.04-21.00.34:754][  0]LogMemory: Process Virtual Memory: 64.80 MB used, 64.80 MB peak
[2019.11.04-21.00.34:754][  0]LogMemory: Physical Memory: 7523.70 MB used,  8802.20 MB free, 16325.89 MB total
[2019.11.04-21.00.34:754][  0]LogMemory: Virtual Memory: 341.52 MB used,  134217384.00 MB free, 134217728.00 MB total
[2019.11.04-21.00.34:875][  0]LogInit: Using OS detected language (en-US).
[2019.11.04-21.00.34:875][  0]LogInit: Using OS detected locale (ru-RU).
[2019.11.04-21.00.34:875][  0]LogTextLocalizationManager: No specific localization for 'en-US' exists, so the 'en' localization will be used.
[2019.11.04-21.00.34:875][  0]LogTextLocalizationManager: No localization for 'ru-RU' exists, so 'en' will be used for the locale.
[2019.11.04-21.00.34:908][  0]LogSlate: New Slate User Created.  User Index 0, Is Virtual User: 0
[2019.11.04-21.00.34:908][  0]LogSlate: Slate User Registered.  User Index 0, Is Virtual User: 0
[2019.11.04-21.00.34:921][  0]LogHMD: Failed to initialize OpenVR with code 110
[2019.11.04-21.00.34:921][  0]LogD3D11RHI: D3D11 adapters:
[2019.11.04-21.00.34:935][  0]LogD3D11RHI:    0. 'AMD Radeon R9 200 Series' (Feature Level 11_0)
[2019.11.04-21.00.34:935][  0]LogD3D11RHI:       3052/0/8162 MB DedicatedVideo/DedicatedSystem/SharedSystem, Outputs:1, VendorId:0x1002
[2019.11.04-21.00.34:968][  0]LogD3D11RHI:    1. 'NVIDIA GeForce GTX 560 Ti' (Feature Level 11_0)
[2019.11.04-21.00.34:968][  0]LogD3D11RHI:       2000/0/8162 MB DedicatedVideo/DedicatedSystem/SharedSystem, Outputs:1, VendorId:0x10de
[2019.11.04-21.00.34:969][  0]LogD3D11RHI:    2. 'Microsoft Basic Render Driver' (Feature Level 11_0)
[2019.11.04-21.00.34:969][  0]LogD3D11RHI:       0/0/8162 MB DedicatedVideo/DedicatedSystem/SharedSystem, Outputs:0, VendorId:0x1414
[2019.11.04-21.00.34:969][  0]LogD3D11RHI: Chosen D3D11 Adapter: 0
[2019.11.04-21.00.34:976][  0]LogD3D11RHI: Creating new Direct3DDevice
[2019.11.04-21.00.34:976][  0]LogD3D11RHI:     GPU DeviceId: 0x6798 (for the marketing name, search the web for "GPU Device Id")
[2019.11.04-21.00.34:976][  0]LogWindows: EnumDisplayDevices:
[2019.11.04-21.00.34:976][  0]LogWindows:    0. 'AMD Radeon R9 200 Series' (P:1 D:1)
[2019.11.04-21.00.34:976][  0]LogWindows:    1. 'AMD Radeon R9 200 Series' (P:0 D:0)
[2019.11.04-21.00.34:976][  0]LogWindows:    2. 'AMD Radeon R9 200 Series' (P:0 D:0)
[2019.11.04-21.00.34:976][  0]LogWindows:    3. 'AMD Radeon R9 200 Series' (P:0 D:0)
[2019.11.04-21.00.34:976][  0]LogWindows:    4. 'AMD Radeon R9 200 Series' (P:0 D:0)
[2019.11.04-21.00.34:976][  0]LogWindows:    5. 'AMD Radeon R9 200 Series' (P:0 D:0)
[2019.11.04-21.00.34:977][  0]LogWindows:    6. 'AMD Radeon R9 200 Series' (P:0 D:0)
[2019.11.04-21.00.34:977][  0]LogWindows:    7. 'AMD Radeon R9 200 Series' (P:0 D:0)
[2019.11.04-21.00.34:977][  0]LogWindows:    8. 'NVIDIA GeForce GTX 560 Ti' (P:0 D:1)
[2019.11.04-21.00.34:977][  0]LogWindows:    9. 'NVIDIA GeForce GTX 560 Ti' (P:0 D:0)
[2019.11.04-21.00.34:977][  0]LogWindows: DebugString: PrimaryIsNotTheChoosenAdapter PrimaryIsNotTheChoosenAdapter FoundDriverCount:8 
[2019.11.04-21.00.34:977][  0]LogD3D11RHI:     Adapter Name: AMD Radeon R9 200 Series
[2019.11.04-21.00.34:977][  0]LogD3D11RHI:   Driver Version: Adrenalin 2019 19.10.1 (internal:26.20.13025.10004, unified:26.20.13025.10004)
[2019.11.04-21.00.34:977][  0]LogD3D11RHI:      Driver Date: 10-4-2019
[2019.11.04-21.00.34:977][  0]LogRHI: Texture pool is 2136 MB (70% of 3052 MB)
[2019.11.04-21.00.35:033][  0]LogD3D11RHI: Async texture creation enabled
[2019.11.04-21.00.35:044][  0]LogRendererCore: FGlobalReadBuffer::InitRHI
[2019.11.04-21.00.35:045][  0]LogRendererCore: FGlobalReadBuffer::InitRHI
[2019.11.04-21.00.35:045][  0]LogRendererCore: FGlobalReadBuffer::InitRHI
[2019.11.04-21.00.35:052][  0]LogD3D11RHI: GPU Timing Frequency: 27.000000 (Debug: 2 1)
[2019.11.04-21.00.35:054][  0]LogShaderLibrary: Display: Failed to load Shared Shader Library: Global and no native library supported.
[2019.11.04-21.00.35:055][  0]LogShaderLibrary: Display: Failed to load Shared Shader Library: Global_SC and no native library supported.
[2019.11.04-21.00.35:055][  0]LogShaderLibrary: Display: Failed to load Shared Shader Library: Paper2D and no native library supported.
[2019.11.04-21.00.35:055][  0]LogShaderLibrary: Display: Failed to load Shared Shader Library: Paper2D_SC and no native library supported.
[2019.11.04-21.00.35:055][  0]LogShaderLibrary: Display: Failed to load Shared Shader Library: Paper2D and no native library supported.
[2019.11.04-21.00.35:055][  0]LogShaderLibrary: Display: Failed to load Shared Shader Library: Paper2D_SC and no native library supported.
[2019.11.04-21.00.35:055][  0]LogShaderLibrary: Display: Failed to load Shared Shader Library: AnimationSharing and no native library supported.
[2019.11.04-21.00.35:055][  0]LogShaderLibrary: Display: Failed to load Shared Shader Library: AnimationSharing_SC and no native library supported.
[2019.11.04-21.00.35:055][  0]LogShaderLibrary: Display: Failed to load Shared Shader Library: AnimationSharing and no native library supported.
[2019.11.04-21.00.35:055][  0]LogShaderLibrary: Display: Failed to load Shared Shader Library: AnimationSharing_SC and no native library supported.
[2019.11.04-21.00.35:055][  0]LogShaderLibrary: Display: Failed to load Shared Shader Library: CryptoKeys and no native library supported.
[2019.11.04-21.00.35:055][  0]LogShaderLibrary: Display: Failed to load Shared Shader Library: CryptoKeys_SC and no native library supported.
[2019.11.04-21.00.35:055][  0]LogShaderLibrary: Display: Failed to load Shared Shader Library: CryptoKeys and no native library supported.
[2019.11.04-21.00.35:055][  0]LogShaderLibrary: Display: Failed to load Shared Shader Library: CryptoKeys_SC and no native library supported.
[2019.11.04-21.00.35:055][  0]LogShaderLibrary: Display: Failed to load Shared Shader Library: DatasmithContent and no native library supported.
[2019.11.04-21.00.35:055][  0]LogShaderLibrary: Display: Failed to load Shared Shader Library: DatasmithContent_SC and no native library supported.
[2019.11.04-21.00.35:055][  0]LogShaderLibrary: Display: Failed to load Shared Shader Library: DatasmithContent and no native library supported.
[2019.11.04-21.00.35:055][  0]LogShaderLibrary: Display: Failed to load Shared Shader Library: DatasmithContent_SC and no native library supported.
[2019.11.04-21.00.35:055][  0]LogShaderLibrary: Display: Failed to load Shared Shader Library: MediaCompositing and no native library supported.
[2019.11.04-21.00.35:055][  0]LogShaderLibrary: Display: Failed to load Shared Shader Library: MediaCompositing_SC and no native library supported.
[2019.11.04-21.00.35:055][  0]LogShaderLibrary: Display: Failed to load Shared Shader Library: MediaCompositing and no native library supported.
[2019.11.04-21.00.35:055][  0]LogShaderLibrary: Display: Failed to load Shared Shader Library: MediaCompositing_SC and no native library supported.
[2019.11.04-21.00.35:055][  0]LogShaderLibrary: Display: Failed to load Shared Shader Library: OculusVR and no native library supported.
[2019.11.04-21.00.35:055][  0]LogShaderLibrary: Display: Failed to load Shared Shader Library: OculusVR_SC and no native library supported.
[2019.11.04-21.00.35:055][  0]LogShaderLibrary: Display: Failed to load Shared Shader Library: OculusVR and no native library supported.
[2019.11.04-21.00.35:055][  0]LogShaderLibrary: Display: Failed to load Shared Shader Library: OculusVR_SC and no native library supported.
[2019.11.04-21.00.35:055][  0]LogShaderLibrary: Display: Failed to load Shared Shader Library: SteamVR and no native library supported.
[2019.11.04-21.00.35:055][  0]LogShaderLibrary: Display: Failed to load Shared Shader Library: SteamVR_SC and no native library supported.
[2019.11.04-21.00.35:055][  0]LogShaderLibrary: Display: Failed to load Shared Shader Library: SteamVR and no native library supported.
[2019.11.04-21.00.35:055][  0]LogShaderLibrary: Display: Failed to load Shared Shader Library: SteamVR_SC and no native library supported.
[2019.11.04-21.00.35:094][  0]LogMaterial: Verifying Global Shaders for PCD3D_SM5
[2019.11.04-21.00.35:128][  0]LogSlate: Using FreeType 2.6.0
[2019.11.04-21.00.35:130][  0]LogSlate: SlateFontServices - WITH_FREETYPE: 1, WITH_HARFBUZZ: 1
[2019.11.04-21.00.35:251][  0]LogShaderLibrary: Display: Failed to load Shared Shader Library: MyProject and no native library supported.
[2019.11.04-21.00.35:251][  0]LogShaderLibrary: Display: Failed to load Shared Shader Library: MyProject_SC and no native library supported.
[2019.11.04-21.00.35:251][  0]LogRHI: Display: Opened pipeline cache after state change and enqueued 0 of 0 tasks for precompile.
[2019.11.04-21.00.35:251][  0]LogShaderLibrary: Display: Failed to load Shared Shader Library: MyProject and no native library supported.
[2019.11.04-21.00.35:251][  0]LogShaderLibrary: Display: Failed to load Shared Shader Library: MyProject_SC and no native library supported.
[2019.11.04-21.00.35:251][  0]LogRHI: Display: Opened pipeline cache after state change and enqueued 0 of 0 tasks for precompile.
[2019.11.04-21.00.35:251][  0]LogRHI: Display: Failed to open default shader pipeline cache for MyProject using shader platform 0.
[2019.11.04-21.00.35:251][  0]LogRHI: Display: Failed to open default shader pipeline cache for MyProject using shader platform 0.
[2019.11.04-21.00.35:251][  0]LogInit: Using OS detected language (en-US).
[2019.11.04-21.00.35:251][  0]LogInit: Using OS detected locale (ru-RU).
[2019.11.04-21.00.35:252][  0]LogTextLocalizationManager: No localization for 'en-US' exists, so 'en' will be used for the language.
[2019.11.04-21.00.35:252][  0]LogTextLocalizationManager: No localization for 'ru-RU' exists, so 'en' will be used for the locale.
[2019.11.04-21.00.35:252][  0]LogTextLocalizationManager: Compacting localization data took   0.51ms
[2019.11.04-21.00.35:261][  0]LogAssetRegistry: FAssetRegistry took 0.0067 seconds to start up
[2019.11.04-21.00.35:366][  0]LogStreaming: Display: Flushing async loaders.
[2019.11.04-21.00.35:367][  0]LogPackageLocalizationCache: Processed 9 localized package path(s) for 1 prioritized culture(s) in 0.000473 seconds
[2019.11.04-21.00.35:389][  0]LogInit: Selected Device Profile: [WindowsNoEditor]
[2019.11.04-21.00.35:414][  0]LogNetVersion: MyProject 1.0.0, NetCL: 5660361, EngineNetVer: 10, GameNetVer: 0 (Checksum: 2788865488)
[2019.11.04-21.00.35:666][  0]LogMoviePlayer: Initializing movie player
[2019.11.04-21.00.35:668][  0]LogAndroidPermission: UAndroidPermissionCallbackProxy::GetInstance
[2019.11.04-21.00.35:668][  0]LogOcInput: OculusInput pre-init called
[2019.11.04-21.00.35:673][  0]LogUObjectArray: 38150 objects as part of root set at end of initial load.
[2019.11.04-21.00.35:673][  0]LogUObjectArray: 2 objects are not in the root set, but can never be destroyed because they are in the DisregardForGC set.
[2019.11.04-21.00.35:673][  0]LogUObjectAllocator: 5899312 out of 0 bytes used by permanent object pool.
[2019.11.04-21.00.35:673][  0]LogUObjectArray: CloseDisregardForGC: 38150/38150 objects in disregard for GC pool
[2019.11.04-21.00.35:749][  0]LogEngine: Initializing Engine...
[2019.11.04-21.00.35:750][  0]LogHMD: Failed to initialize OpenVR with code 110
[2019.11.04-21.00.35:761][  0]LogStats: UGameplayTagsManager::InitializeManager -  0.000 s
[2019.11.04-21.00.35:912][  0]LogInit: Initializing FReadOnlyCVARCache
[2019.11.04-21.00.35:922][  0]LogAudioDebug: Display: Lib vorbis DLL was dynamically loaded.
[2019.11.04-21.00.35:933][  0]LogInit: XAudio2 using 'Speakers (Creative SB X-Fi)' : 6 channels at 48 kHz using 32 bits per sample (channel mask 0x3f)
[2019.11.04-21.00.35:944][  0]LogInit: FAudioDevice initialized.
[2019.11.04-21.00.35:956][  0]LogNetVersion: Set ProjectVersion to 1.0.0.0. Version Checksum will be recalculated on next use.
[2019.11.04-21.00.35:956][  0]LogInit: Texture streaming: Enabled
[2019.11.04-21.00.35:958][  0]LogConsoleManager: Warning: Setting the console variable 'r.VSync' with 'SetByGameSetting' was ignored as it is lower priority than the previous 'SetByProjectSetting'. Value remains '0'
[2019.11.04-21.00.35:981][  0]LogSlate: Updating window title bar state: overlay mode, drag disabled, window buttons hidden, title bar hidden
[2019.11.04-21.00.35:982][  0]LogInit: Display: Game Engine Initialized.
[2019.11.04-21.00.35:982][  0]LogInit: Display: Starting Game.
[2019.11.04-21.00.35:983][  0]LogNet: Browse: /Game/FirstPersonCPP/Maps/FirstPersonExampleMap?Name=Player
[2019.11.04-21.00.35:984][  0]LogLoad: LoadMap: /Game/FirstPersonCPP/Maps/FirstPersonExampleMap?Name=Player
[2019.11.04-21.00.36:000][  0]LogUObjectHash: Compacting FUObjectHashTables data took   1.88ms
[2019.11.04-21.00.36:066][  0]LogAIModule: Creating AISystem for world FirstPersonExampleMap
[2019.11.04-21.00.36:067][  0]LogLoad: Game class is 'MyProjectGameMode'
[2019.11.04-21.00.36:079][  0]LogWorld: Bringing World /Game/FirstPersonCPP/Maps/FirstPersonExampleMap.FirstPersonExampleMap up for play (max tick rate 0) at 2019.11.04-23.00.36
[2019.11.04-21.00.36:079][  0]LogWorld: Bringing up level for play took: 0.011612
[2019.11.04-21.00.36:088][  0]LogLoad: Took 0.104720 seconds to LoadMap(/Game/FirstPersonCPP/Maps/FirstPersonExampleMap)
[2019.11.04-21.00.36:325][  0]LogRenderer: Reallocating scene render targets to support 1920x1080 Format 9 NumSamples 1 (Frame:1).
[2019.11.04-21.00.36:325][  0]LogLoad: (Engine Initialization) Total time: 2.30 seconds
[2019.11.04-21.00.36:435][  0]LogContentStreaming: Texture pool size now 400 MB
[2019.11.04-21.00.36:715][  2]LogRenderer: Reallocating scene render targets to support 128x128 Format 9 NumSamples 1 (Frame:1).
[2019.11.04-21.00.36:744][  2]LogRenderer: Reallocating scene render targets to support 1920x1080 Format 9 NumSamples 1 (Frame:2).
[2019.11.04-21.00.40:407][ 51]LogSlate: Took 0.001089 seconds to synchronously load lazily loaded font '../../../Engine/Content/EngineFonts/Faces/RobotoRegular.ufont' (155K)
[2019.11.04-21.00.42:874][ 88]r.OneFrameThreadLag = "1"      LastSetBy: Constructor
[2019.11.04-21.00.42:874][ 88]LogSlate: FSceneViewport::OnFocusLost() reason 2
[2019.11.04-21.00.49:672][190]LogSlate: FSceneViewport::OnFocusLost() reason 2
[2019.11.04-21.00.57:605][309]LogSlate: FSceneViewport::OnFocusLost() reason 2
[2019.11.04-21.01.02:278][379]LogSlate: FSceneViewport::OnFocusLost() reason 2
[2019.11.04-21.01.16:279][589]t.MaxFPS = "0"      LastSetBy: ProjectSetting
[2019.11.04-21.01.16:279][589]LogSlate: FSceneViewport::OnFocusLost() reason 2
[2019.11.04-21.01.19:478][637]LogSlate: FSceneViewport::OnFocusLost() reason 2
[2019.11.04-21.01.27:678][760]LogSlate: FSceneViewport::OnFocusLost() reason 2
[2019.11.04-21.01.46:347][ 40]r.ShadowQuality = "0"
[2019.11.04-21.01.46:348][ 40]LogSlate: FSceneViewport::OnFocusLost() reason 2
[2019.11.04-21.02.01:814][272]r.OneFrameThreadLag = "1"      LastSetBy: Constructor
[2019.11.04-21.02.01:814][272]LogSlate: FSceneViewport::OnFocusLost() reason 2
[2019.11.04-21.02.05:215][323]r.OneFrameThreadLag = "0"
[2019.11.04-21.02.09:481][387]r.FinishCurrentFrame = "0"      LastSetBy: Constructor
[2019.11.04-21.02.11:881][423]Command not recognized: r.FinishCurrentFrame=1
[2019.11.04-21.02.16:481][492]r.FinishCurrentFrame = "1"
[2019.11.04-21.02.17:213][503]LogSlate: FSceneViewport::OnFocusLost() reason 2
[2019.11.04-21.02.31:282][714]r.FinishCurrentFrame = "0"
[2019.11.04-21.02.31:282][714]LogSlate: FSceneViewport::OnFocusLost() reason 2
[2019.11.04-21.02.33:015][740]r.FinishCurrentFrame = "0"
[2019.11.04-21.02.33:015][740]LogSlate: FSceneViewport::OnFocusLost() reason 2
[2019.11.04-21.02.34:680][765]LogSlate: FSceneViewport::OnFocusLost() reason 2
[2019.11.04-21.02.35:880][783]LogSlate: FSceneViewport::OnFocusLost() reason 2
[2019.11.04-21.03.17:550][408]r.OneFrameThreadLag = "1"
[2019.11.04-21.03.17:550][408]LogSlate: FSceneViewport::OnFocusLost() reason 2
[2019.11.04-21.03.29:685][590]r.OneFrameThreadLag = "0"
[2019.11.04-21.03.29:685][590]LogSlate: FSceneViewport::OnFocusLost() reason 2
[2019.11.04-21.03.30:751][606]LogSlate: FSceneViewport::OnFocusLost() reason 2
[2019.11.04-21.03.39:952][744]r.OneFrameThreadLag = "1"
[2019.11.04-21.03.39:952][744]LogSlate: FSceneViewport::OnFocusLost() reason 2
[2019.11.04-21.03.52:085][926]r.OneFrameThreadLag = "0"
[2019.11.04-21.03.52:284][929]LogSlate: FSceneViewport::OnFocusLost() reason 2
[2019.11.04-21.03.58:886][ 28]r.OneFrameThreadLag = "1"
[2019.11.04-21.03.58:886][ 28]LogSlate: FSceneViewport::OnFocusLost() reason 2
[2019.11.04-21.03.59:951][ 44]LogSlate: FSceneViewport::OnFocusLost() reason 2
[2019.11.04-21.04.07:686][160]r.OneFrameThreadLag = "0"
[2019.11.04-21.04.08:151][167]LogSlate: FSceneViewport::OnFocusLost() reason 2
[2019.11.04-21.05.40:362][550]r.OneFrameThreadLag = "1"
[2019.11.04-21.05.40:362][550]LogSlate: FSceneViewport::OnFocusLost() reason 2
[2019.11.04-21.05.41:161][562]LogSlate: FSceneViewport::OnFocusLost() reason 2
[2019.11.04-21.06.10:988][998]r.OneFrameThreadLag = "1"
[2019.11.04-21.06.14:388][ 49]r.FinishCurrentFrame = "1"
[2019.11.04-21.06.15:254][ 62]LogSlate: FSceneViewport::OnFocusLost() reason 2
[2019.11.04-21.06.35:455][365]r.FinishCurrentFrame = "0"
[2019.11.04-21.06.35:455][365]LogSlate: FSceneViewport::OnFocusLost() reason 2
[2019.11.04-21.06.48:522][561]r.FinishCurrentFrame = "0"
[2019.11.04-21.06.48:522][561]LogSlate: FSceneViewport::OnFocusLost() reason 2
[2019.11.04-21.06.50:989][598]r.FinishCurrentFrame = "1"
[2019.11.04-21.06.50:989][598]LogSlate: FSceneViewport::OnFocusLost() reason 2
[2019.11.04-21.06.52:188][616]LogSlate: FSceneViewport::OnFocusLost() reason 2
[2019.11.04-21.06.56:589][682]r.OneFrameThreadLag = "0"
[2019.11.04-21.06.56:921][687]LogSlate: FSceneViewport::OnFocusLost() reason 2
[2019.11.04-21.08.20:114][857]r.OneFrameThreadLag = "1"
[2019.11.04-21.08.20:114][857]LogSlate: FSceneViewport::OnFocusLost() reason 2
[2019.11.04-21.08.23:714][911]r.FinishCurrentFrame = "1"
[2019.11.04-21.08.23:714][911]LogSlate: FSceneViewport::OnFocusLost() reason 2
[2019.11.04-21.09.04:284][120]r.FinishCurrentFrame = "0"
[2019.11.04-21.09.04:750][127]LogSlate: FSceneViewport::OnFocusLost() reason 2
[2019.11.04-21.10.26:365][ 12]LogWindowsDesktop: Alt-F4 pressed!
[2019.11.04-21.10.26:365][ 12]LogSlate: Request Window 'MyProject (64-bit Development PCD3D_SM5) ' being destroyed
[2019.11.04-21.10.26:392][ 12]LogSlate: Window 'MyProject (64-bit Development PCD3D_SM5) ' being destroyed
[2019.11.04-21.10.26:552][ 12]LogSlate: Updating window title bar state: overlay mode, drag disabled, window buttons hidden, title bar hidden
[2019.11.04-21.10.26:552][ 12]LogEngine: All Windows Closed
[2019.11.04-21.10.26:552][ 12]LogWindows: FPlatformMisc::RequestExit(0)
[2019.11.04-21.10.27:118][ 13]LogSlate: Slate User Destroyed.  User Index 0, Is Virtual User: 0
[2019.11.04-21.10.27:118][ 13]LogExit: Preparing to exit.
[2019.11.04-21.10.27:118][ 13]LogMoviePlayer: Shutting down movie player
[2019.11.04-21.10.27:135][ 13]LogSlate: Updating window title bar state: overlay mode, drag disabled, window buttons hidden, title bar hidden
[2019.11.04-21.10.27:141][ 13]LogExit: Game engine shut down
[2019.11.04-21.10.27:199][ 13]LogExit: Object subsystem successfully closed.
[2019.11.04-21.10.27:216][ 13]LogD3D11RHI: Shutdown
[2019.11.04-21.10.27:216][ 13]LogD3D11RHI: CleanupD3DDevice
[2019.11.04-21.10.27:217][ 13]LogRendererCore: FGlobalReadBuffer::ReleaseRHI
[2019.11.04-21.10.27:217][ 13]LogRendererCore: FGlobalDynamicReadBuffer::Cleanup()
[2019.11.04-21.10.27:217][ 13]LogRendererCore: FGlobalReadBuffer::ReleaseRHI
[2019.11.04-21.10.27:217][ 13]LogRendererCore: FGlobalDynamicReadBuffer::Cleanup()
[2019.11.04-21.10.27:217][ 13]LogRendererCore: FGlobalReadBuffer::ReleaseRHI
[2019.11.04-21.10.27:217][ 13]LogRendererCore: FGlobalDynamicReadBuffer::Cleanup()
[2019.11.04-21.10.27:312][ 13]LogD3D11RHI: ~FD3D11DynamicRHI
[2019.11.04-21.10.27:313][ 13]LogModuleManager: Shutting down and abandoning module AutomationController (206)
[2019.11.04-21.10.27:314][ 13]LogModuleManager: Shutting down and abandoning module AutomationWorker (204)
[2019.11.04-21.10.27:314][ 13]LogModuleManager: Shutting down and abandoning module Voice (202)
[2019.11.04-21.10.27:314][ 13]LogModuleManager: Shutting down and abandoning module AIModule (200)
[2019.11.04-21.10.27:314][ 13]LogModuleManager: Shutting down and abandoning module GameplayDebugger (199)
[2019.11.04-21.10.27:314][ 13]LogModuleManager: Shutting down and abandoning module NavigationSystem (197)
[2019.11.04-21.10.27:314][ 13]LogModuleManager: Shutting down and abandoning module OculusMR (194)
[2019.11.04-21.10.27:314][ 13]LogModuleManager: Shutting down and abandoning module WmfMediaFactory (192)
[2019.11.04-21.10.27:314][ 13]LogModuleManager: Shutting down and abandoning module WebMMediaFactory (190)
[2019.11.04-21.10.27:314][ 13]LogModuleManager: Shutting down and abandoning module WebMMedia (188)
[2019.11.04-21.10.27:314][ 13]LogModuleManager: Shutting down and abandoning module OpenExrWrapper (186)
[2019.11.04-21.10.27:315][ 13]LogModuleManager: Shutting down and abandoning module ImgMediaFactory (184)
[2019.11.04-21.10.27:315][ 13]LogModuleManager: Shutting down and abandoning module AvfMediaFactory (182)
[2019.11.04-21.10.27:315][ 13]LogModuleManager: Shutting down and abandoning module CharacterAI (180)
[2019.11.04-21.10.27:315][ 13]LogModuleManager: Shutting down and abandoning module SessionServices (178)
[2019.11.04-21.10.27:315][ 13]LogModuleManager: Shutting down and abandoning module LiveCoding (176)
[2019.11.04-21.10.27:315][ 13]LogModuleManager: Shutting down and abandoning module LevelSequence (174)
[2019.11.04-21.10.27:315][ 13]LogModuleManager: Shutting down and abandoning module MovieSceneTracks (172)
[2019.11.04-21.10.27:315][ 13]LogModuleManager: Shutting down and abandoning module MovieScene (170)
[2019.11.04-21.10.27:316][ 13]LogModuleManager: Shutting down and abandoning module StreamingPauseRendering (168)
[2019.11.04-21.10.27:316][ 13]LogModuleManager: Shutting down and abandoning module ImageWriteQueue (166)
[2019.11.04-21.10.27:316][ 13]LogModuleManager: Shutting down and abandoning module ProfilerService (164)
[2019.11.04-21.10.27:388][ 13]LogModuleManager: Shutting down and abandoning module TaskGraph (162)
[2019.11.04-21.10.27:389][ 13]LogModuleManager: Shutting down and abandoning module SteamVRController (160)
[2019.11.04-21.10.27:389][ 13]LogModuleManager: Shutting down and abandoning module ProceduralMeshComponent (158)
[2019.11.04-21.10.27:389][ 13]LogModuleManager: Shutting down and abandoning module OculusInput (156)
[2019.11.04-21.10.27:389][ 13]LogModuleManager: Shutting down and abandoning module MobilePatchingUtils (154)
[2019.11.04-21.10.27:389][ 13]LogModuleManager: Shutting down and abandoning module EditableMesh (152)
[2019.11.04-21.10.27:389][ 13]LogModuleManager: Shutting down and abandoning module CustomMeshComponent (150)
[2019.11.04-21.10.27:390][ 13]LogModuleManager: Shutting down and abandoning module CableComponent (148)
[2019.11.04-21.10.27:390][ 13]LogModuleManager: Shutting down and abandoning module AudioCapture (146)
[2019.11.04-21.10.27:390][ 13]LogModuleManager: Shutting down and abandoning module ArchVisCharacter (144)
[2019.11.04-21.10.27:390][ 13]LogModuleManager: Shutting down and abandoning module AndroidPermission (142)
[2019.11.04-21.10.27:390][ 13]LogModuleManager: Shutting down and abandoning module MediaCompositing (140)
[2019.11.04-21.10.27:390][ 13]LogModuleManager: Shutting down and abandoning module LinearTimecode (138)
[2019.11.04-21.10.27:390][ 13]LogModuleManager: Shutting down and abandoning module ImgMedia (136)
[2019.11.04-21.10.27:390][ 13]LogModuleManager: Shutting down and abandoning module HTML5Networking (134)
[2019.11.04-21.10.27:390][ 13]LogModuleManager: Shutting down and abandoning module GeometryCacheTracks (132)
[2019.11.04-21.10.27:390][ 13]LogModuleManager: Shutting down and abandoning module GeometryCache (130)
[2019.11.04-21.10.27:390][ 13]LogModuleManager: Shutting down and abandoning module BackChannel (128)
[2019.11.04-21.10.27:390][ 13]LogModuleManager: Shutting down and abandoning module AppleVision (126)
[2019.11.04-21.10.27:390][ 13]LogModuleManager: Shutting down and abandoning module AppleImageUtils (124)
[2019.11.04-21.10.27:390][ 13]LogModuleManager: Shutting down and abandoning module VariantManagerContent (122)
[2019.11.04-21.10.27:390][ 13]LogModuleManager: Shutting down and abandoning module MyProject (120)
[2019.11.04-21.10.27:390][ 13]LogModuleManager: Shutting down and abandoning module SignificanceManager (118)
[2019.11.04-21.10.27:390][ 13]LogModuleManager: Shutting down and abandoning module RuntimePhysXCooking (116)
[2019.11.04-21.10.27:390][ 13]LogModuleManager: Shutting down and abandoning module PhysXVehicles (114)
[2019.11.04-21.10.27:390][ 13]LogModuleManager: Shutting down and abandoning module LocationServicesBPLibrary (112)
[2019.11.04-21.10.27:390][ 13]LogModuleManager: Shutting down and abandoning module ActorSequence (110)
[2019.11.04-21.10.27:390][ 13]LogModuleManager: Shutting down and abandoning module UdpMessaging (108)
[2019.11.04-21.10.27:390][ 13]LogModuleManager: Shutting down and abandoning module TcpMessaging (106)
[2019.11.04-21.10.27:390][ 13]LogModuleManager: Shutting down and abandoning module FacialAnimation (104)
[2019.11.04-21.10.27:390][ 13]LogModuleManager: Shutting down and abandoning module AnimationSharing (102)
[2019.11.04-21.10.27:390][ 13]LogModuleManager: Shutting down and abandoning module LightPropagationVolumeRuntime (100)
[2019.11.04-21.10.27:390][ 13]LogModuleManager: Shutting down and abandoning module AISupportModule (98)
[2019.11.04-21.10.27:390][ 13]LogModuleManager: Shutting down and abandoning module Paper2D (96)
[2019.11.04-21.10.27:390][ 13]LogModuleManager: Shutting down and abandoning module WindowsMoviePlayer (94)
[2019.11.04-21.10.27:390][ 13]LogModuleManager: Shutting down and abandoning module WebMMoviePlayer (92)
[2019.11.04-21.10.27:390][ 13]LogModuleManager: Shutting down and abandoning module PacketHandler (90)
[2019.11.04-21.10.27:390][ 13]LogModuleManager: Shutting down and abandoning module ClothingSystemRuntime (88)
[2019.11.04-21.10.27:391][ 13]LogModuleManager: Shutting down and abandoning module MediaAssets (86)
[2019.11.04-21.10.27:391][ 13]LogModuleManager: Shutting down and abandoning module Overlay (84)
[2019.11.04-21.10.27:391][ 13]LogModuleManager: Shutting down and abandoning module UMG (82)
[2019.11.04-21.10.27:391][ 13]LogModuleManager: Shutting down and abandoning module SlateReflector (80)
[2019.11.04-21.10.27:392][ 13]LogModuleManager: Shutting down and abandoning module Slate (78)
[2019.11.04-21.10.27:392][ 13]LogModuleManager: Shutting down and abandoning module MRMesh (76)
[2019.11.04-21.10.27:392][ 13]LogModuleManager: Shutting down and abandoning module Messaging (74)
[2019.11.04-21.10.27:392][ 13]LogModuleManager: Shutting down and abandoning module HeadMountedDisplay (72)
[2019.11.04-21.10.27:392][ 13]LogModuleManager: Shutting down and abandoning module XAudio2 (70)
[2019.11.04-21.10.27:392][ 13]LogModuleManager: Shutting down and abandoning module Networking (68)
[2019.11.04-21.10.27:392][ 13]LogModuleManager: Shutting down and abandoning module Core (66)
[2019.11.04-21.10.27:392][ 13]LogModuleManager: Shutting down and abandoning module ImageWrapper (62)
[2019.11.04-21.10.27:392][ 13]LogModuleManager: Shutting down and abandoning module InputCore (60)
[2019.11.04-21.10.27:392][ 13]LogModuleManager: Shutting down and abandoning module PhysXCooking (58)
[2019.11.04-21.10.27:392][ 13]LogModuleManager: Shutting down and abandoning module SteamVR (56)
[2019.11.04-21.10.27:392][ 13]LogHMD: Freeing OpenVRDLLHandle.
[2019.11.04-21.10.27:392][ 13]LogModuleManager: Shutting down and abandoning module OculusHMD (54)
[2019.11.04-21.10.27:393][ 13]LogModuleManager: Shutting down and abandoning module ExampleDeviceProfileSelector (52)
[2019.11.04-21.10.27:393][ 13]LogModuleManager: Shutting down and abandoning module LauncherChunkInstaller (50)
[2019.11.04-21.10.27:393][ 13]LogModuleManager: Shutting down and abandoning module OnlineSubsystem (46)
[2019.11.04-21.10.27:394][ 13]LogModuleManager: Shutting down and abandoning module HTTP (41)
[2019.11.04-21.10.27:408][ 13]LogModuleManager: Shutting down and abandoning module SSL (40)
[2019.11.04-21.10.27:408][ 13]LogModuleManager: Shutting down and abandoning module WmfMedia (36)
[2019.11.04-21.10.27:409][ 13]LogModuleManager: Shutting down and abandoning module Media (35)
[2019.11.04-21.10.27:414][ 13]LogModuleManager: Shutting down and abandoning module DatasmithContent (32)
[2019.11.04-21.10.27:414][ 13]LogModuleManager: Shutting down and abandoning module RenderCore (30)
[2019.11.04-21.10.27:414][ 13]LogModuleManager: Shutting down and abandoning module Landscape (28)
[2019.11.04-21.10.27:414][ 13]LogModuleManager: Shutting down and abandoning module SlateRHIRenderer (26)
[2019.11.04-21.10.27:415][ 13]LogModuleManager: Shutting down and abandoning module OpenGLDrv (24)
[2019.11.04-21.10.27:415][ 13]LogModuleManager: Shutting down and abandoning module D3D11RHI (22)
[2019.11.04-21.10.27:415][ 13]LogModuleManager: Shutting down and abandoning module AnimGraphRuntime (20)
[2019.11.04-21.10.27:415][ 13]LogModuleManager: Shutting down and abandoning module Renderer (18)
[2019.11.04-21.10.27:415][ 13]LogModuleManager: Shutting down and abandoning module Engine (16)
[2019.11.04-21.10.27:415][ 13]LogModuleManager: Shutting down and abandoning module CoreUObject (14)
[2019.11.04-21.10.27:415][ 13]LogModuleManager: Shutting down and abandoning module NetworkFile (12)
[2019.11.04-21.10.27:415][ 13]LogModuleManager: Shutting down and abandoning module CookedIterativeFile (10)
[2019.11.04-21.10.27:415][ 13]LogModuleManager: Shutting down and abandoning module StreamingFile (8)
[2019.11.04-21.10.27:415][ 13]LogModuleManager: Shutting down and abandoning module SandboxFile (6)
[2019.11.04-21.10.27:415][ 13]LogModuleManager: Shutting down and abandoning module PakFile (4)
[2019.11.04-21.10.27:416][ 13]LogModuleManager: Shutting down and abandoning module RSA (3)
[2019.11.04-21.10.27:418][ 13]LogExit: Exiting.
[2019.11.04-21.10.27:423][ 13]Log file closed, 11/04/19 23:10:27
